<?xml version="1.0" encoding="UTF-8"?>
<!-- Generated by org.testng.reporters.JUnitReportReporter -->
<testsuite hostname="5CD40153RQ" failures="0" tests="4" name="com.demowebshop.testdev.Practice" time="0.100" errors="0" timestamp="2025-01-07T12:13:15 IST" skipped="0">
  <testcase classname="com.demowebshop.testdev.Practice" name="dataProvider" time="0.001"/>
  <system-out/>
  <testcase classname="com.demowebshop.testdev.Practice" name="dataProvider" time="0.001"/>
  <system-out/>
  <testcase classname="com.demowebshop.testdev.Practice" name="dataProvider" time="0.010"/>
  <system-out/>
  <testcase classname="com.demowebshop.testdev.Practice" name="test" time="0.088"/>
  <system-out/>
</testsuite> <!-- com.demowebshop.testdev.Practice -->
