<?xml version="1.0" encoding="UTF-8"?>
<!-- Generated by org.testng.reporters.JUnitReportReporter -->
<testsuite hostname="5CD40153RQ" failures="0" tests="1" name="com.demowebshop.testdev.Register" time="15.037" errors="0" timestamp="2025-01-07T10:17:20 IST" skipped="0">
  <testcase classname="com.demowebshop.testdev.Register" name="verify_that_user_should_be_able_to_register" time="15.037"/>
  <system-out/>
</testsuite> <!-- com.demowebshop.testdev.Register -->
